# JRE version: OpenJDK Runtime Environment (8.0_152-b02) (build 1.8.0_152-release-1024-b02)
# Java VM: OpenJDK 64-Bit Server VM (25.152-b02 mixed mode windows-amd64 compressed oops)
Heap:
 PSYoungGen      total 489984K, used 344028K [0x00000000e0000000, 0x0000000100000000, 0x0000000100000000)
  eden space 456704K, 70% used [0x00000000e0000000,0x00000000f3a83a28,0x00000000fbe00000)
  from space 33280K, 66% used [0x00000000fdf80000,0x00000000ff4f3838,0x0000000100000000)
  to   space 33792K, 0% used [0x00000000fbe00000,0x00000000fbe00000,0x00000000fdf00000)
 ParOldGen       total 137728K, used 66087K [0x00000000a0000000, 0x00000000a8680000, 0x00000000e0000000)
  object space 137728K, 47% used [0x00000000a0000000,0x00000000a4089e08,0x00000000a8680000)
 Metaspace       used 92310K, capacity 96910K, committed 97112K, reserved 1134592K
  class space    used 11713K, capacity 12648K, committed 12672K, reserved 1048576K
GC Heap History (10 events):
Event: 7226.454 GC heap before
{Heap before GC invocations=21 (full 3):
 PSYoungGen      total 417280K, used 417272K [0x00000000e0000000, 0x00000000fe780000, 0x0000000100000000)
  eden space 393728K, 100% used [0x00000000e0000000,0x00000000f8080000,0x00000000f8080000)
  from space 23552K, 99% used [0x00000000f8080000,0x00000000f977e058,0x00000000f9780000)
  to   space 30720K, 0% used [0x00000000fc980000,0x00000000fc980000,0x00000000fe780000)
 ParOldGen       total 137728K, used 60396K [0x00000000a0000000, 0x00000000a8680000, 0x00000000e0000000)
  object space 137728K, 43% used [0x00000000a0000000,0x00000000a3afb2d0,0x00000000a8680000)
 Metaspace       used 88925K, capacity 93024K, committed 93144K, reserved 1130496K
  class space    used 11390K, capacity 12259K, committed 12288K, reserved 1048576K
Event: 7226.485 GC heap after
Heap after GC invocations=21 (full 3):
 PSYoungGen      total 466944K, used 21653K [0x00000000e0000000, 0x00000000ff480000, 0x0000000100000000)
  eden space 436224K, 0% used [0x00000000e0000000,0x00000000e0000000,0x00000000faa00000)
  from space 30720K, 70% used [0x00000000fc980000,0x00000000fdea5610,0x00000000fe780000)
  to   space 32256K, 0% used [0x00000000faa00000,0x00000000faa00000,0x00000000fc980000)
 ParOldGen       total 137728K, used 66071K [0x00000000a0000000, 0x00000000a8680000, 0x00000000e0000000)
  object space 137728K, 47% used [0x00000000a0000000,0x00000000a4085e08,0x00000000a8680000)
 Metaspace       used 88925K, capacity 93024K, committed 93144K, reserved 1130496K
  class space    used 11390K, capacity 12259K, committed 12288K, reserved 1048576K
}
Event: 7227.575 GC heap before
{Heap before GC invocations=22 (full 3):
 PSYoungGen      total 466944K, used 457869K [0x00000000e0000000, 0x00000000ff480000, 0x0000000100000000)
  eden space 436224K, 99% used [0x00000000e0000000,0x00000000fa9fe0a0,0x00000000faa00000)
  from space 30720K, 70% used [0x00000000fc980000,0x00000000fdea5610,0x00000000fe780000)
  to   space 32256K, 0% used [0x00000000faa00000,0x00000000faa00000,0x00000000fc980000)
 ParOldGen       total 137728K, used 66071K [0x00000000a0000000, 0x00000000a8680000, 0x00000000e0000000)
  object space 137728K, 47% used [0x00000000a0000000,0x00000000a4085e08,0x00000000a8680000)
 Metaspace       used 89245K, capacity 93316K, committed 93400K, reserved 1130496K
  class space    used 11390K, capacity 12259K, committed 12288K, reserved 1048576K
Event: 7227.602 GC heap after
Heap after GC invocations=22 (full 3):
 PSYoungGen      total 468480K, used 18741K [0x00000000e0000000, 0x0000000100000000, 0x0000000100000000)
  eden space 436224K, 0% used [0x00000000e0000000,0x00000000e0000000,0x00000000faa00000)
  from space 32256K, 58% used [0x00000000faa00000,0x00000000fbc4d430,0x00000000fc980000)
  to   space 31744K, 0% used [0x00000000fe100000,0x00000000fe100000,0x0000000100000000)
 ParOldGen       total 137728K, used 66079K [0x00000000a0000000, 0x00000000a8680000, 0x00000000e0000000)
  object space 137728K, 47% used [0x00000000a0000000,0x00000000a4087e08,0x00000000a8680000)
 Metaspace       used 89245K, capacity 93316K, committed 93400K, reserved 1130496K
  class space    used 11390K, capacity 12259K, committed 12288K, reserved 1048576K
}
Event: 7228.276 GC heap before
{Heap before GC invocations=23 (full 3):
 PSYoungGen      total 468480K, used 454965K [0x00000000e0000000, 0x0000000100000000, 0x0000000100000000)
  eden space 436224K, 100% used [0x00000000e0000000,0x00000000faa00000,0x00000000faa00000)
  from space 32256K, 58% used [0x00000000faa00000,0x00000000fbc4d430,0x00000000fc980000)
  to   space 31744K, 0% used [0x00000000fe100000,0x00000000fe100000,0x0000000100000000)
 ParOldGen       total 137728K, used 66079K [0x00000000a0000000, 0x00000000a8680000, 0x00000000e0000000)
  object space 137728K, 47% used [0x00000000a0000000,0x00000000a4087e08,0x00000000a8680000)
 Metaspace       used 89360K, capacity 93462K, committed 93656K, reserved 1130496K
  class space    used 11390K, capacity 12260K, committed 12288K, reserved 1048576K
Event: 7228.316 GC heap after
Heap after GC invocations=23 (full 3):
 PSYoungGen      total 489472K, used 23419K [0x00000000e0000000, 0x0000000100000000, 0x0000000100000000)
  eden space 457728K, 0% used [0x00000000e0000000,0x00000000e0000000,0x00000000fbf00000)
  from space 31744K, 73% used [0x00000000fe100000,0x00000000ff7ded68,0x0000000100000000)
  to   space 33280K, 0% used [0x00000000fbf00000,0x00000000fbf00000,0x00000000fdf80000)
 ParOldGen       total 137728K, used 66079K [0x00000000a0000000, 0x00000000a8680000, 0x00000000e0000000)
  object space 137728K, 47% used [0x00000000a0000000,0x00000000a4087e08,0x00000000a8680000)
 Metaspace       used 89360K, capacity 93462K, committed 93656K, reserved 1130496K
  class space    used 11390K, capacity 12260K, committed 12288K, reserved 1048576K
}
Event: 7229.545 GC heap before
{Heap before GC invocations=24 (full 3):
 PSYoungGen      total 489472K, used 481147K [0x00000000e0000000, 0x0000000100000000, 0x0000000100000000)
  eden space 457728K, 100% used [0x00000000e0000000,0x00000000fbf00000,0x00000000fbf00000)
  from space 31744K, 73% used [0x00000000fe100000,0x00000000ff7ded68,0x0000000100000000)
  to   space 33280K, 0% used [0x00000000fbf00000,0x00000000fbf00000,0x00000000fdf80000)
 ParOldGen       total 137728K, used 66079K [0x00000000a0000000, 0x00000000a8680000, 0x00000000e0000000)
  object space 137728K, 47% used [0x00000000a0000000,0x00000000a4087e08,0x00000000a8680000)
 Metaspace       used 89503K, capacity 93642K, committed 93784K, reserved 1130496K
  class space    used 11398K, capacity 12296K, committed 12416K, reserved 1048576K
Event: 7229.560 GC heap after
Heap after GC invocations=24 (full 3):
 PSYoungGen      total 491008K, used 20414K [0x00000000e0000000, 0x0000000100000000, 0x0000000100000000)
  eden space 457728K, 0% used [0x00000000e0000000,0x00000000e0000000,0x00000000fbf00000)
  from space 33280K, 61% used [0x00000000fbf00000,0x00000000fd2efa38,0x00000000fdf80000)
  to   space 33280K, 0% used [0x00000000fdf80000,0x00000000fdf80000,0x0000000100000000)
 ParOldGen       total 137728K, used 66079K [0x00000000a0000000, 0x00000000a8680000, 0x00000000e0000000)
  object space 137728K, 47% used [0x00000000a0000000,0x00000000a4087e08,0x00000000a8680000)
 Metaspace       used 89503K, capacity 93642K, committed 93784K, reserved 1130496K
  class space    used 11398K, capacity 12296K, committed 12416K, reserved 1048576K
}
Event: 7236.746 GC heap before
{Heap before GC invocations=25 (full 3):
 PSYoungGen      total 491008K, used 477746K [0x00000000e0000000, 0x0000000100000000, 0x0000000100000000)
  eden space 457728K, 99% used [0x00000000e0000000,0x00000000fbe9cde0,0x00000000fbf00000)
  from space 33280K, 61% used [0x00000000fbf00000,0x00000000fd2efa38,0x00000000fdf80000)
  to   space 33280K, 0% used [0x00000000fdf80000,0x00000000fdf80000,0x0000000100000000)
 ParOldGen       total 137728K, used 66079K [0x00000000a0000000, 0x00000000a8680000, 0x00000000e0000000)
  object space 137728K, 47% used [0x00000000a0000000,0x00000000a4087e08,0x00000000a8680000)
 Metaspace       used 90332K, capacity 94594K, committed 94808K, reserved 1132544K
  class space    used 11478K, capacity 12388K, committed 12416K, reserved 1048576K
Event: 7236.766 GC heap after
Heap after GC invocations=25 (full 3):
 PSYoungGen      total 489984K, used 21966K [0x00000000e0000000, 0x0000000100000000, 0x0000000100000000)
  eden space 456704K, 0% used [0x00000000e0000000,0x00000000e0000000,0x00000000fbe00000)
  from space 33280K, 66% used [0x00000000fdf80000,0x00000000ff4f3838,0x0000000100000000)
  to   space 33792K, 0% used [0x00000000fbe00000,0x00000000fbe00000,0x00000000fdf00000)
 ParOldGen       total 137728K, used 66087K [0x00000000a0000000, 0x00000000a8680000, 0x00000000e0000000)
  object space 137728K, 47% used [0x00000000a0000000,0x00000000a4089e08,0x00000000a8680000)
 Metaspace       used 90332K, capacity 94594K, committed 94808K, reserved 1132544K
  class space    used 11478K, capacity 12388K, committed 12416K, reserved 1048576K
}

